<?xml version="1.0" encoding="UTF-8"?>
<!-- Generated by org.testng.reporters.JUnitXMLReporter -->
<testsuite hostname="EPBYMINW4406" ignored="0" name="Smoke" tests="4" failures="0" timestamp="2020-05-20T00:09:10 MSK" time="56.687" errors="0">
  <testcase name="login" time="3.569" classname="com.epam.pageobject.test.LoginTest"/>
  <testcase name="saveToDraft" time="6.807" classname="com.epam.pageobject.test.SavingDraftTest"/>
  <testcase name="sendDraft" time="7.945" classname="com.epam.pageobject.test.SendDraftTest"/>
  <testcase name="deliverEmail" time="9.853" classname="com.epam.pageobject.test.SendEmailTest"/>
</testsuite> <!-- Smoke -->
