<?xml version="1.0" encoding="UTF-8"?>
<!-- Generated by org.testng.reporters.JUnitXMLReporter -->
<testsuite hostname="EPBYMINW4406" ignored="0" name="TestOne" tests="1" failures="1" timestamp="2020-05-20T19:32:50 MSK" time="12.976" errors="0">
  <testcase name="login" time="3.678" classname="com.epam.pageobject.test.LoginTest">
    <failure type="java.lang.AssertionError" message="User is not logged in expected [false] but found [true]">
      <![CDATA[java.lang.AssertionError: User is not logged in expected [false] but found [true]
at com.epam.pageobject.test.LoginTest.login(LoginTest.java:17)
at java.util.ArrayList.forEach(ArrayList.java:1257)
... Removed 34 stack frames]]>
    </failure>
  </testcase> <!-- login -->
</testsuite> <!-- TestOne -->
