<?xml version="1.0" encoding="UTF-8"?>
<testsuite xmlns:xsi="http://www.w3.org/2001/XMLSchema-instance" xsi:noNamespaceSchemaLocation="https://maven.apache.org/surefire/maven-surefire-plugin/xsd/surefire-test-report.xsd" name="TestSuite" time="3.001" tests="3" errors="0" skipped="1" failures="2">
  <properties>
[...]
</properties>
  <testcase name="setUp" classname="com.epam.pageobject.test.LoginTest" time="2.926">
    <failure message="session not created: This version of ChromeDriver only supports Chrome version 81&#10;Build info: version: &apos;3.141.59&apos;, revision: &apos;e82be7d358&apos;, time: &apos;2018-11-14T08:17:03&apos;&#10;System info: host: &apos;EPBYMINW4406&apos;, ip: &apos;10.0.75.1&apos;, os.name: &apos;Windows 10&apos;, os.arch: &apos;amd64&apos;, os.version: &apos;10.0&apos;, java.version: &apos;1.8.0_251&apos;&#10;Driver info: driver.version: ChromeDriver&#10;remote stacktrace: Backtrace:&#10;	Ordinal0 [0x00AD5E93+2449043]&#10;	Ordinal0 [0x00A08281+1606273]&#10;	Ordinal0 [0x008FF889+522377]&#10;	Ordinal0 [0x008905F3+67059]&#10;	Ordinal0 [0x0088CD92+52626]&#10;	Ordinal0 [0x008AC127+180519]&#10;	Ordinal0 [0x008ABF2D+180013]&#10;	Ordinal0 [0x008A9E5B+171611]&#10;	Ordinal0 [0x00891DD8+73176]&#10;	Ordinal0 [0x00892E50+77392]&#10;	Ordinal0 [0x00892DE9+77289]&#10;	Ordinal0 [0x00A1D7F7+1693687]&#10;	GetHandleVerifier [0x00B74576+522742]&#10;	GetHandleVerifier [0x00B742B4+522036]&#10;	GetHandleVerifier [0x00B89587+608775]&#10;	GetHandleVerifier [0x00B74DE6+524902]&#10;	Ordinal0 [0x00A15BDC+1661916]&#10;	Ordinal0 [0x00A1F15B+1700187]&#10;	Ordinal0 [0x00A1F2C3+1700547]&#10;	Ordinal0 [0x00A35135+1790261]&#10;	BaseThreadInitThunk [0x762F6359+25]&#10;	RtlGetAppContainerNamedObjectPath [0x77467C14+228]&#10;	RtlGetAppContainerNamedObjectPath [0x77467BE4+180]&#10;" type="org.openqa.selenium.SessionNotCreatedException">org.openqa.selenium.SessionNotCreatedException: 
session not created: This version of ChromeDriver only supports Chrome version 81
Build info: version: '3.141.59', revision: 'e82be7d358', time: '2018-11-14T08:17:03'
System info: host: 'EPBYMINW4406', ip: '10.0.75.1', os.name: 'Windows 10', os.arch: 'amd64', os.version: '10.0', java.version: '1.8.0_251'
Driver info: driver.version: ChromeDriver
remote stacktrace: Backtrace:
	Ordinal0 [0x00AD5E93+2449043]
	Ordinal0 [0x00A08281+1606273]
	Ordinal0 [0x008FF889+522377]
	Ordinal0 [0x008905F3+67059]
	Ordinal0 [0x0088CD92+52626]
	Ordinal0 [0x008AC127+180519]
	Ordinal0 [0x008ABF2D+180013]
	Ordinal0 [0x008A9E5B+171611]
	Ordinal0 [0x00891DD8+73176]
	Ordinal0 [0x00892E50+77392]
	Ordinal0 [0x00892DE9+77289]
	Ordinal0 [0x00A1D7F7+1693687]
	GetHandleVerifier [0x00B74576+522742]
	GetHandleVerifier [0x00B742B4+522036]
	GetHandleVerifier [0x00B89587+608775]
	GetHandleVerifier [0x00B74DE6+524902]
	Ordinal0 [0x00A15BDC+1661916]
	Ordinal0 [0x00A1F15B+1700187]
	Ordinal0 [0x00A1F2C3+1700547]
	Ordinal0 [0x00A35135+1790261]
	BaseThreadInitThunk [0x762F6359+25]
	RtlGetAppContainerNamedObjectPath [0x77467C14+228]
	RtlGetAppContainerNamedObjectPath [0x77467BE4+180]

</failure>
    <system-out><![CDATA[2020-05-20 12:13:46,794 main ERROR Unrecognized format specifier []
2020-05-20 12:13:46,795 main ERROR Empty conversion specifier starting at position 20 in conversion pattern.
2020-05-20 12:13:46,802 main ERROR Unrecognized format specifier []
2020-05-20 12:13:46,802 main ERROR Empty conversion specifier starting at position 20 in conversion pattern.
INFO  - WebDriverManager           - Please answer the following questionnaire based on your experience with WebDriverManager. Thanks a lot!
INFO  - WebDriverManager           - ====> http://tiny.cc/wdm-survey <====
INFO  - WebDriverManager           - Using chromedriver 81.0.4044.138 (since Chrome 81 is installed in your machine)
INFO  - WebDriverManager           - Exporting webdriver.chrome.driver as C:\Users\Aliaksandr_Dabarovic\.m2\repository\webdriver\chromedriver\win32\81.0.4044.138\chromedriver.exe
]]></system-out>
    <system-err><![CDATA[Starting ChromeDriver 81.0.4044.138 (8c6c7ba89cc9453625af54f11fd83179e23450fa-refs/branch-heads/4044@{#999}) on port 9689
Only local connections are allowed.
Please protect ports used by ChromeDriver and related test frameworks to prevent access by malicious code.
]]></system-err>
  </testcase>
  <testcase name="login" classname="com.epam.pageobject.test.LoginTest" time="0">
    <skipped message="session not created: This version of ChromeDriver only supports Chrome version 81&#10;Build info: version: &apos;3.141.59&apos;, revision: &apos;e82be7d358&apos;, time: &apos;2018-11-14T08:17:03&apos;&#10;System info: host: &apos;EPBYMINW4406&apos;, ip: &apos;10.0.75.1&apos;, os.name: &apos;Windows 10&apos;, os.arch: &apos;amd64&apos;, os.version: &apos;10.0&apos;, java.version: &apos;1.8.0_251&apos;&#10;Driver info: driver.version: ChromeDriver&#10;remote stacktrace: Backtrace:&#10;	Ordinal0 [0x00AD5E93+2449043]&#10;	Ordinal0 [0x00A08281+1606273]&#10;	Ordinal0 [0x008FF889+522377]&#10;	Ordinal0 [0x008905F3+67059]&#10;	Ordinal0 [0x0088CD92+52626]&#10;	Ordinal0 [0x008AC127+180519]&#10;	Ordinal0 [0x008ABF2D+180013]&#10;	Ordinal0 [0x008A9E5B+171611]&#10;	Ordinal0 [0x00891DD8+73176]&#10;	Ordinal0 [0x00892E50+77392]&#10;	Ordinal0 [0x00892DE9+77289]&#10;	Ordinal0 [0x00A1D7F7+1693687]&#10;	GetHandleVerifier [0x00B74576+522742]&#10;	GetHandleVerifier [0x00B742B4+522036]&#10;	GetHandleVerifier [0x00B89587+608775]&#10;	GetHandleVerifier [0x00B74DE6+524902]&#10;	Ordinal0 [0x00A15BDC+1661916]&#10;	Ordinal0 [0x00A1F15B+1700187]&#10;	Ordinal0 [0x00A1F2C3+1700547]&#10;	Ordinal0 [0x00A35135+1790261]&#10;	BaseThreadInitThunk [0x762F6359+25]&#10;	RtlGetAppContainerNamedObjectPath [0x77467C14+228]&#10;	RtlGetAppContainerNamedObjectPath [0x77467BE4+180]&#10;"/>
  </testcase>
  <testcase name="tearDown" classname="com.epam.pageobject.test.LoginTest" time="0.001">
    <failure type="java.lang.NullPointerException">java.lang.NullPointerException
</failure>
  </testcase>
</testsuite>