<?xml version="1.0" encoding="UTF-8"?>
<testsuite xmlns:xsi="http://www.w3.org/2001/XMLSchema-instance" xsi:noNamespaceSchemaLocation="https://maven.apache.org/surefire/maven-surefire-plugin/xsd/surefire-test-report.xsd" name="TestSuite" time="88.594" tests="7" errors="0" skipped="0" failures="6">
  <properties>
[...]
</properties>
  <testcase name="verifyBodyFieldInDraft" classname="com.epam.pageobject.test.BodyFieldDraftTest" time="5.805">
    <failure message="no such element: Unable to locate element: {&quot;method&quot;:&quot;xpath&quot;,&quot;selector&quot;:&quot;//button[@title=&apos;Р—Р°РєСЂС‹С‚СЊ&apos; and @class=&apos;container--2lPGK type_base--rkphf color_base--hO-yz&apos;]&quot;}&#10;  (Session info: chrome=81.0.4044.138)&#10;For documentation on this error, please visit: https://www.seleniumhq.org/exceptions/no_such_element.html&#10;Build info: version: &apos;3.141.59&apos;, revision: &apos;e82be7d358&apos;, time: &apos;2018-11-14T08:17:03&apos;&#10;System info: host: &apos;EPBYMINW4406&apos;, ip: &apos;10.0.75.1&apos;, os.name: &apos;Windows 10&apos;, os.arch: &apos;amd64&apos;, os.version: &apos;10.0&apos;, java.version: &apos;1.8.0_251&apos;&#10;Driver info: org.openqa.selenium.chrome.ChromeDriver&#10;Capabilities {acceptInsecureCerts: false, browserName: chrome, browserVersion: 81.0.4044.138, chrome: {chromedriverVersion: 81.0.4044.138 (8c6c7ba89cc9..., userDataDir: C:\Users\ALIAKS~1\AppData\L...}, goog:chromeOptions: {debuggerAddress: localhost:65281}, javascriptEnabled: true, networkConnectionEnabled: false, pageLoadStrategy: normal, platform: WINDOWS, platformName: WINDOWS, proxy: Proxy(), setWindowRect: true, strictFileInteractability: false, timeouts: {implicit: 0, pageLoad: 300000, script: 30000}, unhandledPromptBehavior: dismiss and notify, webauthn:virtualAuthenticators: true}&#10;Session ID: 6827d0af2bb94c885fa0d13972bc1628&#10;*** Element info: {Using=xpath, value=//button[@title=&apos;Р—Р°РєСЂС‹С‚СЊ&apos; and @class=&apos;container--2lPGK type_base--rkphf color_base--hO-yz&apos;]}" type="org.openqa.selenium.NoSuchElementException">org.openqa.selenium.NoSuchElementException: 
no such element: Unable to locate element: {"method":"xpath","selector":"//button[@title='Р—Р°РєСЂС‹С‚СЊ' and @class='container--2lPGK type_base--rkphf color_base--hO-yz']"}
  (Session info: chrome=81.0.4044.138)
For documentation on this error, please visit: https://www.seleniumhq.org/exceptions/no_such_element.html
Build info: version: '3.141.59', revision: 'e82be7d358', time: '2018-11-14T08:17:03'
System info: host: 'EPBYMINW4406', ip: '10.0.75.1', os.name: 'Windows 10', os.arch: 'amd64', os.version: '10.0', java.version: '1.8.0_251'
Driver info: org.openqa.selenium.chrome.ChromeDriver
Capabilities {acceptInsecureCerts: false, browserName: chrome, browserVersion: 81.0.4044.138, chrome: {chromedriverVersion: 81.0.4044.138 (8c6c7ba89cc9..., userDataDir: C:\Users\ALIAKS~1\AppData\L...}, goog:chromeOptions: {debuggerAddress: localhost:65281}, javascriptEnabled: true, networkConnectionEnabled: false, pageLoadStrategy: normal, platform: WINDOWS, platformName: WINDOWS, proxy: Proxy(), setWindowRect: true, strictFileInteractability: false, timeouts: {implicit: 0, pageLoad: 300000, script: 30000}, unhandledPromptBehavior: dismiss and notify, webauthn:virtualAuthenticators: true}
Session ID: 6827d0af2bb94c885fa0d13972bc1628
*** Element info: {Using=xpath, value=//button[@title='Р—Р°РєСЂС‹С‚СЊ' and @class='container--2lPGK type_base--rkphf color_base--hO-yz']}
	at com.epam.pageobject.test.BodyFieldDraftTest.verifyBodyFieldInDraft(BodyFieldDraftTest.java:16)
</failure>
    <system-out><![CDATA[2020-05-19 23:17:48,243 main ERROR Unrecognized format specifier []
2020-05-19 23:17:48,244 main ERROR Empty conversion specifier starting at position 20 in conversion pattern.
2020-05-19 23:17:48,254 main ERROR Unrecognized format specifier []
2020-05-19 23:17:48,254 main ERROR Empty conversion specifier starting at position 20 in conversion pattern.
INFO  - WebDriverManager           - Please answer the following questionnaire based on your experience with WebDriverManager. Thanks a lot!
INFO  - WebDriverManager           - ====> http://tiny.cc/wdm-survey <====
INFO  - WebDriverManager           - Using chromedriver 81.0.4044.138 (since Chrome 81 is installed in your machine)
INFO  - WebDriverManager           - Exporting webdriver.chrome.driver as C:\Users\Aliaksandr_Dabarovic\.m2\repository\webdriver\chromedriver\win32\81.0.4044.138\chromedriver.exe
2020-05-19 23:17:57,273 INFO  [main] %1 User logged in
]]></system-out>
    <system-err><![CDATA[Starting ChromeDriver 81.0.4044.138 (8c6c7ba89cc9453625af54f11fd83179e23450fa-refs/branch-heads/4044@{#999}) on port 18206
Only local connections are allowed.
Please protect ports used by ChromeDriver and related test frameworks to prevent access by malicious code.
May 19, 2020 11:17:52 PM org.openqa.selenium.remote.ProtocolHandshake createSession
INFO: Detected dialect: W3C
[1589919475.837][SEVERE]: Timed out receiving message from renderer: 0.100
]]></system-err>
  </testcase>
  <testcase name="login" classname="com.epam.pageobject.test.LoginTest" time="3.569"/>
  <testcase name="saveToDraft" classname="com.epam.pageobject.test.SavingDraftTest" time="5.654">
    <failure message="no such element: Unable to locate element: {&quot;method&quot;:&quot;xpath&quot;,&quot;selector&quot;:&quot;//button[@title=&apos;Р—Р°РєСЂС‹С‚СЊ&apos; and @class=&apos;container--2lPGK type_base--rkphf color_base--hO-yz&apos;]&quot;}&#10;  (Session info: chrome=81.0.4044.138)&#10;For documentation on this error, please visit: https://www.seleniumhq.org/exceptions/no_such_element.html&#10;Build info: version: &apos;3.141.59&apos;, revision: &apos;e82be7d358&apos;, time: &apos;2018-11-14T08:17:03&apos;&#10;System info: host: &apos;EPBYMINW4406&apos;, ip: &apos;10.0.75.1&apos;, os.name: &apos;Windows 10&apos;, os.arch: &apos;amd64&apos;, os.version: &apos;10.0&apos;, java.version: &apos;1.8.0_251&apos;&#10;Driver info: org.openqa.selenium.chrome.ChromeDriver&#10;Capabilities {acceptInsecureCerts: false, browserName: chrome, browserVersion: 81.0.4044.138, chrome: {chromedriverVersion: 81.0.4044.138 (8c6c7ba89cc9..., userDataDir: C:\Users\ALIAKS~1\AppData\L...}, goog:chromeOptions: {debuggerAddress: localhost:65500}, javascriptEnabled: true, networkConnectionEnabled: false, pageLoadStrategy: normal, platform: WINDOWS, platformName: WINDOWS, proxy: Proxy(), setWindowRect: true, strictFileInteractability: false, timeouts: {implicit: 0, pageLoad: 300000, script: 30000}, unhandledPromptBehavior: dismiss and notify, webauthn:virtualAuthenticators: true}&#10;Session ID: d7c71e5524dc5745f8f35876d6a7732a&#10;*** Element info: {Using=xpath, value=//button[@title=&apos;Р—Р°РєСЂС‹С‚СЊ&apos; and @class=&apos;container--2lPGK type_base--rkphf color_base--hO-yz&apos;]}" type="org.openqa.selenium.NoSuchElementException">org.openqa.selenium.NoSuchElementException: 
no such element: Unable to locate element: {"method":"xpath","selector":"//button[@title='Р—Р°РєСЂС‹С‚СЊ' and @class='container--2lPGK type_base--rkphf color_base--hO-yz']"}
  (Session info: chrome=81.0.4044.138)
For documentation on this error, please visit: https://www.seleniumhq.org/exceptions/no_such_element.html
Build info: version: '3.141.59', revision: 'e82be7d358', time: '2018-11-14T08:17:03'
System info: host: 'EPBYMINW4406', ip: '10.0.75.1', os.name: 'Windows 10', os.arch: 'amd64', os.version: '10.0', java.version: '1.8.0_251'
Driver info: org.openqa.selenium.chrome.ChromeDriver
Capabilities {acceptInsecureCerts: false, browserName: chrome, browserVersion: 81.0.4044.138, chrome: {chromedriverVersion: 81.0.4044.138 (8c6c7ba89cc9..., userDataDir: C:\Users\ALIAKS~1\AppData\L...}, goog:chromeOptions: {debuggerAddress: localhost:65500}, javascriptEnabled: true, networkConnectionEnabled: false, pageLoadStrategy: normal, platform: WINDOWS, platformName: WINDOWS, proxy: Proxy(), setWindowRect: true, strictFileInteractability: false, timeouts: {implicit: 0, pageLoad: 300000, script: 30000}, unhandledPromptBehavior: dismiss and notify, webauthn:virtualAuthenticators: true}
Session ID: d7c71e5524dc5745f8f35876d6a7732a
*** Element info: {Using=xpath, value=//button[@title='Р—Р°РєСЂС‹С‚СЊ' and @class='container--2lPGK type_base--rkphf color_base--hO-yz']}
	at com.epam.pageobject.test.SavingDraftTest.saveToDraft(SavingDraftTest.java:21)
</failure>
    <system-out><![CDATA[INFO  - WebDriverManager           - Please answer the following questionnaire based on your experience with WebDriverManager. Thanks a lot!
INFO  - WebDriverManager           - ====> http://tiny.cc/wdm-survey <====
INFO  - WebDriverManager           - Using chromedriver 81.0.4044.138 (since Chrome 81 is installed in your machine)
INFO  - WebDriverManager           - Exporting webdriver.chrome.driver as C:\Users\Aliaksandr_Dabarovic\.m2\repository\webdriver\chromedriver\win32\81.0.4044.138\chromedriver.exe
2020-05-19 23:18:20,834 INFO  [main] %1 User logged in
]]></system-out>
    <system-err><![CDATA[Starting ChromeDriver 81.0.4044.138 (8c6c7ba89cc9453625af54f11fd83179e23450fa-refs/branch-heads/4044@{#999}) on port 20482
Only local connections are allowed.
Please protect ports used by ChromeDriver and related test frameworks to prevent access by malicious code.
May 19, 2020 11:18:16 PM org.openqa.selenium.remote.ProtocolHandshake createSession
INFO: Detected dialect: W3C
[1589919498.719][SEVERE]: Timed out receiving message from renderer: 0.100
]]></system-err>
  </testcase>
  <testcase name="sendDraft" classname="com.epam.pageobject.test.SendDraftTest" time="5.517">
    <failure message="no such element: Unable to locate element: {&quot;method&quot;:&quot;xpath&quot;,&quot;selector&quot;:&quot;//button[@title=&apos;Р—Р°РєСЂС‹С‚СЊ&apos; and @class=&apos;container--2lPGK type_base--rkphf color_base--hO-yz&apos;]&quot;}&#10;  (Session info: chrome=81.0.4044.138)&#10;For documentation on this error, please visit: https://www.seleniumhq.org/exceptions/no_such_element.html&#10;Build info: version: &apos;3.141.59&apos;, revision: &apos;e82be7d358&apos;, time: &apos;2018-11-14T08:17:03&apos;&#10;System info: host: &apos;EPBYMINW4406&apos;, ip: &apos;10.0.75.1&apos;, os.name: &apos;Windows 10&apos;, os.arch: &apos;amd64&apos;, os.version: &apos;10.0&apos;, java.version: &apos;1.8.0_251&apos;&#10;Driver info: org.openqa.selenium.chrome.ChromeDriver&#10;Capabilities {acceptInsecureCerts: false, browserName: chrome, browserVersion: 81.0.4044.138, chrome: {chromedriverVersion: 81.0.4044.138 (8c6c7ba89cc9..., userDataDir: C:\Users\ALIAKS~1\AppData\L...}, goog:chromeOptions: {debuggerAddress: localhost:49226}, javascriptEnabled: true, networkConnectionEnabled: false, pageLoadStrategy: normal, platform: WINDOWS, platformName: WINDOWS, proxy: Proxy(), setWindowRect: true, strictFileInteractability: false, timeouts: {implicit: 0, pageLoad: 300000, script: 30000}, unhandledPromptBehavior: dismiss and notify, webauthn:virtualAuthenticators: true}&#10;Session ID: e467e713335abb27daaa5c8c07705d6a&#10;*** Element info: {Using=xpath, value=//button[@title=&apos;Р—Р°РєСЂС‹С‚СЊ&apos; and @class=&apos;container--2lPGK type_base--rkphf color_base--hO-yz&apos;]}" type="org.openqa.selenium.NoSuchElementException">org.openqa.selenium.NoSuchElementException: 
no such element: Unable to locate element: {"method":"xpath","selector":"//button[@title='Р—Р°РєСЂС‹С‚СЊ' and @class='container--2lPGK type_base--rkphf color_base--hO-yz']"}
  (Session info: chrome=81.0.4044.138)
For documentation on this error, please visit: https://www.seleniumhq.org/exceptions/no_such_element.html
Build info: version: '3.141.59', revision: 'e82be7d358', time: '2018-11-14T08:17:03'
System info: host: 'EPBYMINW4406', ip: '10.0.75.1', os.name: 'Windows 10', os.arch: 'amd64', os.version: '10.0', java.version: '1.8.0_251'
Driver info: org.openqa.selenium.chrome.ChromeDriver
Capabilities {acceptInsecureCerts: false, browserName: chrome, browserVersion: 81.0.4044.138, chrome: {chromedriverVersion: 81.0.4044.138 (8c6c7ba89cc9..., userDataDir: C:\Users\ALIAKS~1\AppData\L...}, goog:chromeOptions: {debuggerAddress: localhost:49226}, javascriptEnabled: true, networkConnectionEnabled: false, pageLoadStrategy: normal, platform: WINDOWS, platformName: WINDOWS, proxy: Proxy(), setWindowRect: true, strictFileInteractability: false, timeouts: {implicit: 0, pageLoad: 300000, script: 30000}, unhandledPromptBehavior: dismiss and notify, webauthn:virtualAuthenticators: true}
Session ID: e467e713335abb27daaa5c8c07705d6a
*** Element info: {Using=xpath, value=//button[@title='Р—Р°РєСЂС‹С‚СЊ' and @class='container--2lPGK type_base--rkphf color_base--hO-yz']}
	at com.epam.pageobject.test.SendDraftTest.sendDraft(SendDraftTest.java:16)
</failure>
    <system-out><![CDATA[INFO  - WebDriverManager           - Please answer the following questionnaire based on your experience with WebDriverManager. Thanks a lot!
INFO  - WebDriverManager           - ====> http://tiny.cc/wdm-survey <====
INFO  - WebDriverManager           - Using chromedriver 81.0.4044.138 (since Chrome 81 is installed in your machine)
INFO  - WebDriverManager           - Exporting webdriver.chrome.driver as C:\Users\Aliaksandr_Dabarovic\.m2\repository\webdriver\chromedriver\win32\81.0.4044.138\chromedriver.exe
2020-05-19 23:18:33,270 INFO  [main] %1 User logged in
]]></system-out>
    <system-err><![CDATA[Starting ChromeDriver 81.0.4044.138 (8c6c7ba89cc9453625af54f11fd83179e23450fa-refs/branch-heads/4044@{#999}) on port 13127
Only local connections are allowed.
Please protect ports used by ChromeDriver and related test frameworks to prevent access by malicious code.
May 19, 2020 11:18:28 PM org.openqa.selenium.remote.ProtocolHandshake createSession
INFO: Detected dialect: W3C
]]></system-err>
  </testcase>
  <testcase name="deliverEmail" classname="com.epam.pageobject.test.SendEmailTest" time="5.821">
    <failure message="no such element: Unable to locate element: {&quot;method&quot;:&quot;xpath&quot;,&quot;selector&quot;:&quot;//button[@title=&apos;Р—Р°РєСЂС‹С‚СЊ&apos; and @class=&apos;container--2lPGK type_base--rkphf color_base--hO-yz&apos;]&quot;}&#10;  (Session info: chrome=81.0.4044.138)&#10;For documentation on this error, please visit: https://www.seleniumhq.org/exceptions/no_such_element.html&#10;Build info: version: &apos;3.141.59&apos;, revision: &apos;e82be7d358&apos;, time: &apos;2018-11-14T08:17:03&apos;&#10;System info: host: &apos;EPBYMINW4406&apos;, ip: &apos;10.0.75.1&apos;, os.name: &apos;Windows 10&apos;, os.arch: &apos;amd64&apos;, os.version: &apos;10.0&apos;, java.version: &apos;1.8.0_251&apos;&#10;Driver info: org.openqa.selenium.chrome.ChromeDriver&#10;Capabilities {acceptInsecureCerts: false, browserName: chrome, browserVersion: 81.0.4044.138, chrome: {chromedriverVersion: 81.0.4044.138 (8c6c7ba89cc9..., userDataDir: C:\Users\ALIAKS~1\AppData\L...}, goog:chromeOptions: {debuggerAddress: localhost:49333}, javascriptEnabled: true, networkConnectionEnabled: false, pageLoadStrategy: normal, platform: WINDOWS, platformName: WINDOWS, proxy: Proxy(), setWindowRect: true, strictFileInteractability: false, timeouts: {implicit: 0, pageLoad: 300000, script: 30000}, unhandledPromptBehavior: dismiss and notify, webauthn:virtualAuthenticators: true}&#10;Session ID: 88caa2a4172ec0780a4e2cf81c2f9556&#10;*** Element info: {Using=xpath, value=//button[@title=&apos;Р—Р°РєСЂС‹С‚СЊ&apos; and @class=&apos;container--2lPGK type_base--rkphf color_base--hO-yz&apos;]}" type="org.openqa.selenium.NoSuchElementException">org.openqa.selenium.NoSuchElementException: 
no such element: Unable to locate element: {"method":"xpath","selector":"//button[@title='Р—Р°РєСЂС‹С‚СЊ' and @class='container--2lPGK type_base--rkphf color_base--hO-yz']"}
  (Session info: chrome=81.0.4044.138)
For documentation on this error, please visit: https://www.seleniumhq.org/exceptions/no_such_element.html
Build info: version: '3.141.59', revision: 'e82be7d358', time: '2018-11-14T08:17:03'
System info: host: 'EPBYMINW4406', ip: '10.0.75.1', os.name: 'Windows 10', os.arch: 'amd64', os.version: '10.0', java.version: '1.8.0_251'
Driver info: org.openqa.selenium.chrome.ChromeDriver
Capabilities {acceptInsecureCerts: false, browserName: chrome, browserVersion: 81.0.4044.138, chrome: {chromedriverVersion: 81.0.4044.138 (8c6c7ba89cc9..., userDataDir: C:\Users\ALIAKS~1\AppData\L...}, goog:chromeOptions: {debuggerAddress: localhost:49333}, javascriptEnabled: true, networkConnectionEnabled: false, pageLoadStrategy: normal, platform: WINDOWS, platformName: WINDOWS, proxy: Proxy(), setWindowRect: true, strictFileInteractability: false, timeouts: {implicit: 0, pageLoad: 300000, script: 30000}, unhandledPromptBehavior: dismiss and notify, webauthn:virtualAuthenticators: true}
Session ID: 88caa2a4172ec0780a4e2cf81c2f9556
*** Element info: {Using=xpath, value=//button[@title='Р—Р°РєСЂС‹С‚СЊ' and @class='container--2lPGK type_base--rkphf color_base--hO-yz']}
	at com.epam.pageobject.test.SendEmailTest.deliverEmail(SendEmailTest.java:16)
</failure>
    <system-out><![CDATA[INFO  - WebDriverManager           - Please answer the following questionnaire based on your experience with WebDriverManager. Thanks a lot!
INFO  - WebDriverManager           - ====> http://tiny.cc/wdm-survey <====
INFO  - WebDriverManager           - Using chromedriver 81.0.4044.138 (since Chrome 81 is installed in your machine)
INFO  - WebDriverManager           - Exporting webdriver.chrome.driver as C:\Users\Aliaksandr_Dabarovic\.m2\repository\webdriver\chromedriver\win32\81.0.4044.138\chromedriver.exe
2020-05-19 23:18:45,837 INFO  [main] %1 User logged in
]]></system-out>
    <system-err><![CDATA[Starting ChromeDriver 81.0.4044.138 (8c6c7ba89cc9453625af54f11fd83179e23450fa-refs/branch-heads/4044@{#999}) on port 32862
Only local connections are allowed.
Please protect ports used by ChromeDriver and related test frameworks to prevent access by malicious code.
May 19, 2020 11:18:40 PM org.openqa.selenium.remote.ProtocolHandshake createSession
INFO: Detected dialect: W3C
]]></system-err>
  </testcase>
  <testcase name="verifySubjectFieldInDraft" classname="com.epam.pageobject.test.SubjectFieldDraftTest" time="5.861">
    <failure message="no such element: Unable to locate element: {&quot;method&quot;:&quot;xpath&quot;,&quot;selector&quot;:&quot;//button[@title=&apos;Р—Р°РєСЂС‹С‚СЊ&apos; and @class=&apos;container--2lPGK type_base--rkphf color_base--hO-yz&apos;]&quot;}&#10;  (Session info: chrome=81.0.4044.138)&#10;For documentation on this error, please visit: https://www.seleniumhq.org/exceptions/no_such_element.html&#10;Build info: version: &apos;3.141.59&apos;, revision: &apos;e82be7d358&apos;, time: &apos;2018-11-14T08:17:03&apos;&#10;System info: host: &apos;EPBYMINW4406&apos;, ip: &apos;10.0.75.1&apos;, os.name: &apos;Windows 10&apos;, os.arch: &apos;amd64&apos;, os.version: &apos;10.0&apos;, java.version: &apos;1.8.0_251&apos;&#10;Driver info: org.openqa.selenium.chrome.ChromeDriver&#10;Capabilities {acceptInsecureCerts: false, browserName: chrome, browserVersion: 81.0.4044.138, chrome: {chromedriverVersion: 81.0.4044.138 (8c6c7ba89cc9..., userDataDir: C:\Users\ALIAKS~1\AppData\L...}, goog:chromeOptions: {debuggerAddress: localhost:49442}, javascriptEnabled: true, networkConnectionEnabled: false, pageLoadStrategy: normal, platform: WINDOWS, platformName: WINDOWS, proxy: Proxy(), setWindowRect: true, strictFileInteractability: false, timeouts: {implicit: 0, pageLoad: 300000, script: 30000}, unhandledPromptBehavior: dismiss and notify, webauthn:virtualAuthenticators: true}&#10;Session ID: 1e6a94ac3b85e6f91d5846778a698249&#10;*** Element info: {Using=xpath, value=//button[@title=&apos;Р—Р°РєСЂС‹С‚СЊ&apos; and @class=&apos;container--2lPGK type_base--rkphf color_base--hO-yz&apos;]}" type="org.openqa.selenium.NoSuchElementException">org.openqa.selenium.NoSuchElementException: 
no such element: Unable to locate element: {"method":"xpath","selector":"//button[@title='Р—Р°РєСЂС‹С‚СЊ' and @class='container--2lPGK type_base--rkphf color_base--hO-yz']"}
  (Session info: chrome=81.0.4044.138)
For documentation on this error, please visit: https://www.seleniumhq.org/exceptions/no_such_element.html
Build info: version: '3.141.59', revision: 'e82be7d358', time: '2018-11-14T08:17:03'
System info: host: 'EPBYMINW4406', ip: '10.0.75.1', os.name: 'Windows 10', os.arch: 'amd64', os.version: '10.0', java.version: '1.8.0_251'
Driver info: org.openqa.selenium.chrome.ChromeDriver
Capabilities {acceptInsecureCerts: false, browserName: chrome, browserVersion: 81.0.4044.138, chrome: {chromedriverVersion: 81.0.4044.138 (8c6c7ba89cc9..., userDataDir: C:\Users\ALIAKS~1\AppData\L...}, goog:chromeOptions: {debuggerAddress: localhost:49442}, javascriptEnabled: true, networkConnectionEnabled: false, pageLoadStrategy: normal, platform: WINDOWS, platformName: WINDOWS, proxy: Proxy(), setWindowRect: true, strictFileInteractability: false, timeouts: {implicit: 0, pageLoad: 300000, script: 30000}, unhandledPromptBehavior: dismiss and notify, webauthn:virtualAuthenticators: true}
Session ID: 1e6a94ac3b85e6f91d5846778a698249
*** Element info: {Using=xpath, value=//button[@title='Р—Р°РєСЂС‹С‚СЊ' and @class='container--2lPGK type_base--rkphf color_base--hO-yz']}
	at com.epam.pageobject.test.SubjectFieldDraftTest.verifySubjectFieldInDraft(SubjectFieldDraftTest.java:17)
</failure>
    <system-out><![CDATA[INFO  - WebDriverManager           - Please answer the following questionnaire based on your experience with WebDriverManager. Thanks a lot!
INFO  - WebDriverManager           - ====> http://tiny.cc/wdm-survey <====
INFO  - WebDriverManager           - Using chromedriver 81.0.4044.138 (since Chrome 81 is installed in your machine)
INFO  - WebDriverManager           - Exporting webdriver.chrome.driver as C:\Users\Aliaksandr_Dabarovic\.m2\repository\webdriver\chromedriver\win32\81.0.4044.138\chromedriver.exe
2020-05-19 23:18:58,398 INFO  [main] %1 User logged in
]]></system-out>
    <system-err><![CDATA[Starting ChromeDriver 81.0.4044.138 (8c6c7ba89cc9453625af54f11fd83179e23450fa-refs/branch-heads/4044@{#999}) on port 10804
Only local connections are allowed.
Please protect ports used by ChromeDriver and related test frameworks to prevent access by malicious code.
May 19, 2020 11:18:53 PM org.openqa.selenium.remote.ProtocolHandshake createSession
INFO: Detected dialect: W3C
]]></system-err>
  </testcase>
  <testcase name="verifyToFieldInDraft" classname="com.epam.pageobject.test.ToFieldInDraftTest" time="5.761">
    <failure message="no such element: Unable to locate element: {&quot;method&quot;:&quot;xpath&quot;,&quot;selector&quot;:&quot;//button[@title=&apos;Р—Р°РєСЂС‹С‚СЊ&apos; and @class=&apos;container--2lPGK type_base--rkphf color_base--hO-yz&apos;]&quot;}&#10;  (Session info: chrome=81.0.4044.138)&#10;For documentation on this error, please visit: https://www.seleniumhq.org/exceptions/no_such_element.html&#10;Build info: version: &apos;3.141.59&apos;, revision: &apos;e82be7d358&apos;, time: &apos;2018-11-14T08:17:03&apos;&#10;System info: host: &apos;EPBYMINW4406&apos;, ip: &apos;10.0.75.1&apos;, os.name: &apos;Windows 10&apos;, os.arch: &apos;amd64&apos;, os.version: &apos;10.0&apos;, java.version: &apos;1.8.0_251&apos;&#10;Driver info: org.openqa.selenium.chrome.ChromeDriver&#10;Capabilities {acceptInsecureCerts: false, browserName: chrome, browserVersion: 81.0.4044.138, chrome: {chromedriverVersion: 81.0.4044.138 (8c6c7ba89cc9..., userDataDir: C:\Users\ALIAKS~1\AppData\L...}, goog:chromeOptions: {debuggerAddress: localhost:49547}, javascriptEnabled: true, networkConnectionEnabled: false, pageLoadStrategy: normal, platform: WINDOWS, platformName: WINDOWS, proxy: Proxy(), setWindowRect: true, strictFileInteractability: false, timeouts: {implicit: 0, pageLoad: 300000, script: 30000}, unhandledPromptBehavior: dismiss and notify, webauthn:virtualAuthenticators: true}&#10;Session ID: 46b52377c28f95dd9e15ca550e2ea10a&#10;*** Element info: {Using=xpath, value=//button[@title=&apos;Р—Р°РєСЂС‹С‚СЊ&apos; and @class=&apos;container--2lPGK type_base--rkphf color_base--hO-yz&apos;]}" type="org.openqa.selenium.NoSuchElementException">org.openqa.selenium.NoSuchElementException: 
no such element: Unable to locate element: {"method":"xpath","selector":"//button[@title='Р—Р°РєСЂС‹С‚СЊ' and @class='container--2lPGK type_base--rkphf color_base--hO-yz']"}
  (Session info: chrome=81.0.4044.138)
For documentation on this error, please visit: https://www.seleniumhq.org/exceptions/no_such_element.html
Build info: version: '3.141.59', revision: 'e82be7d358', time: '2018-11-14T08:17:03'
System info: host: 'EPBYMINW4406', ip: '10.0.75.1', os.name: 'Windows 10', os.arch: 'amd64', os.version: '10.0', java.version: '1.8.0_251'
Driver info: org.openqa.selenium.chrome.ChromeDriver
Capabilities {acceptInsecureCerts: false, browserName: chrome, browserVersion: 81.0.4044.138, chrome: {chromedriverVersion: 81.0.4044.138 (8c6c7ba89cc9..., userDataDir: C:\Users\ALIAKS~1\AppData\L...}, goog:chromeOptions: {debuggerAddress: localhost:49547}, javascriptEnabled: true, networkConnectionEnabled: false, pageLoadStrategy: normal, platform: WINDOWS, platformName: WINDOWS, proxy: Proxy(), setWindowRect: true, strictFileInteractability: false, timeouts: {implicit: 0, pageLoad: 300000, script: 30000}, unhandledPromptBehavior: dismiss and notify, webauthn:virtualAuthenticators: true}
Session ID: 46b52377c28f95dd9e15ca550e2ea10a
*** Element info: {Using=xpath, value=//button[@title='Р—Р°РєСЂС‹С‚СЊ' and @class='container--2lPGK type_base--rkphf color_base--hO-yz']}
	at com.epam.pageobject.test.ToFieldInDraftTest.verifyToFieldInDraft(ToFieldInDraftTest.java:17)
</failure>
    <system-out><![CDATA[INFO  - WebDriverManager           - Please answer the following questionnaire based on your experience with WebDriverManager. Thanks a lot!
INFO  - WebDriverManager           - ====> http://tiny.cc/wdm-survey <====
INFO  - WebDriverManager           - Using chromedriver 81.0.4044.138 (since Chrome 81 is installed in your machine)
INFO  - WebDriverManager           - Exporting webdriver.chrome.driver as C:\Users\Aliaksandr_Dabarovic\.m2\repository\webdriver\chromedriver\win32\81.0.4044.138\chromedriver.exe
2020-05-19 23:19:11,118 INFO  [main] %1 User logged in
]]></system-out>
    <system-err><![CDATA[Starting ChromeDriver 81.0.4044.138 (8c6c7ba89cc9453625af54f11fd83179e23450fa-refs/branch-heads/4044@{#999}) on port 2712
Only local connections are allowed.
Please protect ports used by ChromeDriver and related test frameworks to prevent access by malicious code.
May 19, 2020 11:19:06 PM org.openqa.selenium.remote.ProtocolHandshake createSession
INFO: Detected dialect: W3C
]]></system-err>
  </testcase>
</testsuite>